2022/09/24 15:04:13 [notice] 1#1: using the "epoll" event method
2022/09/24 15:04:13 [notice] 1#1: nginx/1.21.0
2022/09/24 15:04:13 [notice] 1#1: built by gcc 10.2.1 20201203 (Alpine 10.2.1_pre1) 
2022/09/24 15:04:13 [notice] 1#1: OS: Linux 5.10.16.3-microsoft-standard-WSL2
2022/09/24 15:04:13 [notice] 1#1: getrlimit(RLIMIT_NOFILE): 1048576:1048576
2022/09/24 15:04:13 [notice] 1#1: start worker processes
2022/09/24 15:04:13 [notice] 1#1: start worker process 32
2022/09/24 15:04:13 [notice] 1#1: start worker process 33
2022/09/24 15:04:13 [notice] 1#1: start worker process 34
2022/09/24 15:04:13 [notice] 1#1: start worker process 35
2022/09/24 15:05:13 [notice] 1#1: signal 3 (SIGQUIT) received, shutting down
2022/09/24 15:05:13 [notice] 32#32: gracefully shutting down
2022/09/24 15:05:13 [notice] 33#33: gracefully shutting down
2022/09/24 15:05:13 [notice] 32#32: exiting
2022/09/24 15:05:13 [notice] 33#33: exiting
2022/09/24 15:05:13 [notice] 33#33: exit
2022/09/24 15:05:13 [notice] 32#32: exit
2022/09/24 15:05:13 [notice] 34#34: gracefully shutting down
2022/09/24 15:05:13 [notice] 34#34: exiting
2022/09/24 15:05:13 [notice] 34#34: exit
2022/09/24 15:05:13 [notice] 35#35: gracefully shutting down
2022/09/24 15:05:13 [notice] 35#35: exiting
2022/09/24 15:05:13 [notice] 35#35: exit
2022/09/24 15:05:13 [notice] 1#1: signal 17 (SIGCHLD) received from 33
2022/09/24 15:05:13 [notice] 1#1: worker process 33 exited with code 0
2022/09/24 15:05:13 [notice] 1#1: signal 29 (SIGIO) received
2022/09/24 15:05:13 [notice] 1#1: signal 17 (SIGCHLD) received from 32
2022/09/24 15:05:13 [notice] 1#1: worker process 32 exited with code 0
2022/09/24 15:05:13 [notice] 1#1: worker process 35 exited with code 0
2022/09/24 15:05:13 [notice] 1#1: signal 29 (SIGIO) received
2022/09/24 15:05:13 [notice] 1#1: signal 17 (SIGCHLD) received from 34
2022/09/24 15:05:13 [notice] 1#1: worker process 34 exited with code 0
2022/09/24 15:05:13 [notice] 1#1: exit
2022/09/24 15:07:07 [notice] 1#1: using the "epoll" event method
2022/09/24 15:07:07 [notice] 1#1: nginx/1.21.0
2022/09/24 15:07:07 [notice] 1#1: built by gcc 10.2.1 20201203 (Alpine 10.2.1_pre1) 
2022/09/24 15:07:07 [notice] 1#1: OS: Linux 5.10.16.3-microsoft-standard-WSL2
2022/09/24 15:07:07 [notice] 1#1: getrlimit(RLIMIT_NOFILE): 1048576:1048576
2022/09/24 15:07:07 [notice] 1#1: start worker processes
2022/09/24 15:07:07 [notice] 1#1: start worker process 31
2022/09/24 15:07:07 [notice] 1#1: start worker process 32
2022/09/24 15:07:07 [notice] 1#1: start worker process 33
2022/09/24 15:07:07 [notice] 1#1: start worker process 34
2022/09/24 15:28:36 [notice] 1#1: signal 3 (SIGQUIT) received, shutting down
2022/09/24 15:28:36 [notice] 34#34: gracefully shutting down
2022/09/24 15:28:36 [notice] 31#31: gracefully shutting down
2022/09/24 15:28:36 [notice] 34#34: exiting
2022/09/24 15:28:36 [notice] 31#31: exiting
2022/09/24 15:28:36 [notice] 34#34: exit
2022/09/24 15:28:36 [notice] 31#31: exit
2022/09/24 15:28:36 [notice] 33#33: gracefully shutting down
2022/09/24 15:28:36 [notice] 33#33: exiting
2022/09/24 15:28:36 [notice] 33#33: exit
2022/09/24 15:28:36 [notice] 32#32: gracefully shutting down
2022/09/24 15:28:36 [notice] 32#32: exiting
2022/09/24 15:28:36 [notice] 32#32: exit
2022/09/24 15:28:36 [notice] 1#1: signal 17 (SIGCHLD) received from 31
2022/09/24 15:28:36 [notice] 1#1: worker process 31 exited with code 0
2022/09/24 15:28:36 [notice] 1#1: worker process 33 exited with code 0
2022/09/24 15:28:36 [notice] 1#1: worker process 34 exited with code 0
2022/09/24 15:28:36 [notice] 1#1: signal 29 (SIGIO) received
2022/09/24 15:28:36 [notice] 1#1: signal 17 (SIGCHLD) received from 33
2022/09/24 15:28:36 [notice] 1#1: signal 17 (SIGCHLD) received from 32
2022/09/24 15:28:36 [notice] 1#1: worker process 32 exited with code 0
2022/09/24 15:28:36 [notice] 1#1: exit
2022/09/24 15:32:20 [notice] 1#1: using the "epoll" event method
2022/09/24 15:32:20 [notice] 1#1: nginx/1.21.0
2022/09/24 15:32:20 [notice] 1#1: built by gcc 10.2.1 20201203 (Alpine 10.2.1_pre1) 
2022/09/24 15:32:20 [notice] 1#1: OS: Linux 5.10.16.3-microsoft-standard-WSL2
2022/09/24 15:32:20 [notice] 1#1: getrlimit(RLIMIT_NOFILE): 1048576:1048576
2022/09/24 15:32:20 [notice] 1#1: start worker processes
2022/09/24 15:32:20 [notice] 1#1: start worker process 31
2022/09/24 15:32:20 [notice] 1#1: start worker process 32
2022/09/24 15:32:20 [notice] 1#1: start worker process 33
2022/09/24 15:32:20 [notice] 1#1: start worker process 34
2022/09/24 15:39:26 [notice] 1#1: signal 3 (SIGQUIT) received, shutting down
2022/09/24 15:39:26 [notice] 32#32: gracefully shutting down
2022/09/24 15:39:26 [notice] 32#32: exiting
2022/09/24 15:39:26 [notice] 32#32: exit
2022/09/24 15:39:26 [notice] 34#34: gracefully shutting down
2022/09/24 15:39:26 [notice] 34#34: exiting
2022/09/24 15:39:26 [notice] 34#34: exit
2022/09/24 15:39:26 [notice] 31#31: gracefully shutting down
2022/09/24 15:39:26 [notice] 31#31: exiting
2022/09/24 15:39:26 [notice] 31#31: exit
2022/09/24 15:39:26 [notice] 33#33: gracefully shutting down
2022/09/24 15:39:26 [notice] 33#33: exiting
2022/09/24 15:39:26 [notice] 33#33: exit
2022/09/24 15:39:26 [notice] 1#1: signal 17 (SIGCHLD) received from 33
2022/09/24 15:39:26 [notice] 1#1: worker process 33 exited with code 0
2022/09/24 15:39:26 [notice] 1#1: signal 29 (SIGIO) received
2022/09/24 15:39:26 [notice] 1#1: signal 17 (SIGCHLD) received from 32
2022/09/24 15:39:26 [notice] 1#1: worker process 32 exited with code 0
2022/09/24 15:39:26 [notice] 1#1: worker process 34 exited with code 0
2022/09/24 15:39:26 [notice] 1#1: signal 29 (SIGIO) received
2022/09/24 15:39:26 [notice] 1#1: signal 17 (SIGCHLD) received from 31
2022/09/24 15:39:26 [notice] 1#1: worker process 31 exited with code 0
2022/09/24 15:39:26 [notice] 1#1: exit
2022/09/24 15:39:42 [notice] 1#1: using the "epoll" event method
2022/09/24 15:39:42 [notice] 1#1: nginx/1.21.0
2022/09/24 15:39:42 [notice] 1#1: built by gcc 10.2.1 20201203 (Alpine 10.2.1_pre1) 
2022/09/24 15:39:42 [notice] 1#1: OS: Linux 5.10.16.3-microsoft-standard-WSL2
2022/09/24 15:39:42 [notice] 1#1: getrlimit(RLIMIT_NOFILE): 1048576:1048576
2022/09/24 15:39:42 [notice] 1#1: start worker processes
2022/09/24 15:39:42 [notice] 1#1: start worker process 31
2022/09/24 15:39:42 [notice] 1#1: start worker process 32
2022/09/24 15:39:42 [notice] 1#1: start worker process 33
2022/09/24 15:39:42 [notice] 1#1: start worker process 34
2022/09/24 17:37:55 [notice] 1#1: signal 3 (SIGQUIT) received, shutting down
2022/09/24 17:37:55 [notice] 31#31: gracefully shutting down
2022/09/24 17:37:55 [notice] 32#32: gracefully shutting down
2022/09/24 17:37:55 [notice] 33#33: gracefully shutting down
2022/09/24 17:37:55 [notice] 33#33: exiting
2022/09/24 17:37:55 [notice] 31#31: exiting
2022/09/24 17:37:55 [notice] 33#33: exit
2022/09/24 17:37:55 [notice] 31#31: exit
2022/09/24 17:37:55 [notice] 34#34: gracefully shutting down
2022/09/24 17:37:55 [notice] 32#32: exiting
2022/09/24 17:37:55 [notice] 32#32: exit
2022/09/24 17:37:55 [notice] 34#34: exiting
2022/09/24 17:37:55 [notice] 34#34: exit
2022/09/24 17:37:55 [notice] 1#1: signal 17 (SIGCHLD) received from 34
2022/09/24 17:37:55 [notice] 1#1: worker process 31 exited with code 0
2022/09/24 17:37:55 [notice] 1#1: worker process 34 exited with code 0
2022/09/24 17:37:55 [notice] 1#1: signal 29 (SIGIO) received
2022/09/24 17:37:55 [notice] 1#1: signal 17 (SIGCHLD) received from 33
2022/09/24 17:37:55 [notice] 1#1: worker process 32 exited with code 0
2022/09/24 17:37:55 [notice] 1#1: worker process 33 exited with code 0
2022/09/24 17:37:55 [notice] 1#1: exit
2022/09/26 13:36:58 [notice] 1#1: using the "epoll" event method
2022/09/26 13:36:58 [notice] 1#1: nginx/1.21.0
2022/09/26 13:36:58 [notice] 1#1: built by gcc 10.2.1 20201203 (Alpine 10.2.1_pre1) 
2022/09/26 13:36:58 [notice] 1#1: OS: Linux 5.10.16.3-microsoft-standard-WSL2
2022/09/26 13:36:58 [notice] 1#1: getrlimit(RLIMIT_NOFILE): 1048576:1048576
2022/09/26 13:36:58 [notice] 1#1: start worker processes
2022/09/26 13:36:58 [notice] 1#1: start worker process 31
2022/09/26 13:36:58 [notice] 1#1: start worker process 32
2022/09/26 13:36:58 [notice] 1#1: start worker process 33
2022/09/26 13:36:58 [notice] 1#1: start worker process 34
2022/09/26 14:44:01 [notice] 1#1: using the "epoll" event method
2022/09/26 14:44:01 [notice] 1#1: nginx/1.21.0
2022/09/26 14:44:01 [notice] 1#1: built by gcc 10.2.1 20201203 (Alpine 10.2.1_pre1) 
2022/09/26 14:44:01 [notice] 1#1: OS: Linux 5.10.16.3-microsoft-standard-WSL2
2022/09/26 14:44:01 [notice] 1#1: getrlimit(RLIMIT_NOFILE): 1048576:1048576
2022/09/26 14:44:01 [notice] 1#1: start worker processes
2022/09/26 14:44:01 [notice] 1#1: start worker process 31
2022/09/26 14:44:01 [notice] 1#1: start worker process 32
2022/09/26 14:44:01 [notice] 1#1: start worker process 33
2022/09/26 14:44:01 [notice] 1#1: start worker process 34
2022/09/26 15:24:34 [notice] 1#1: signal 3 (SIGQUIT) received, shutting down
2022/09/26 15:24:34 [notice] 31#31: gracefully shutting down
2022/09/26 15:24:34 [notice] 32#32: gracefully shutting down
2022/09/26 15:24:34 [notice] 31#31: exiting
2022/09/26 15:24:34 [notice] 32#32: exiting
2022/09/26 15:24:34 [notice] 32#32: exit
2022/09/26 15:24:34 [notice] 31#31: exit
2022/09/26 15:24:34 [notice] 34#34: gracefully shutting down
2022/09/26 15:24:34 [notice] 33#33: gracefully shutting down
2022/09/26 15:24:34 [notice] 34#34: exiting
2022/09/26 15:24:34 [notice] 33#33: exiting
2022/09/26 15:24:34 [notice] 34#34: exit
2022/09/26 15:24:34 [notice] 33#33: exit
2022/09/26 15:24:34 [notice] 1#1: signal 17 (SIGCHLD) received from 32
2022/09/26 15:24:34 [notice] 1#1: worker process 32 exited with code 0
2022/09/26 15:24:34 [notice] 1#1: signal 29 (SIGIO) received
2022/09/26 15:24:34 [notice] 1#1: signal 17 (SIGCHLD) received from 34
2022/09/26 15:24:34 [notice] 1#1: worker process 34 exited with code 0
2022/09/26 15:24:34 [notice] 1#1: signal 29 (SIGIO) received
2022/09/26 15:24:34 [notice] 1#1: signal 17 (SIGCHLD) received from 33
2022/09/26 15:24:34 [notice] 1#1: worker process 31 exited with code 0
2022/09/26 15:24:34 [notice] 1#1: worker process 33 exited with code 0
2022/09/26 15:24:34 [notice] 1#1: exit
2022/09/26 15:29:16 [notice] 1#1: using the "epoll" event method
2022/09/26 15:29:16 [notice] 1#1: nginx/1.21.0
2022/09/26 15:29:16 [notice] 1#1: built by gcc 10.2.1 20201203 (Alpine 10.2.1_pre1) 
2022/09/26 15:29:16 [notice] 1#1: OS: Linux 5.10.16.3-microsoft-standard-WSL2
2022/09/26 15:29:16 [notice] 1#1: getrlimit(RLIMIT_NOFILE): 1048576:1048576
2022/09/26 15:29:16 [notice] 1#1: start worker processes
2022/09/26 15:29:16 [notice] 1#1: start worker process 31
2022/09/26 15:29:16 [notice] 1#1: start worker process 32
2022/09/26 15:29:16 [notice] 1#1: start worker process 33
2022/09/26 15:29:16 [notice] 1#1: start worker process 34
2022/09/26 17:13:04 [notice] 1#1: signal 3 (SIGQUIT) received, shutting down
2022/09/26 17:13:04 [notice] 32#32: gracefully shutting down
2022/09/26 17:13:04 [notice] 33#33: gracefully shutting down
2022/09/26 17:13:04 [notice] 32#32: exiting
2022/09/26 17:13:04 [notice] 33#33: exiting
2022/09/26 17:13:04 [notice] 32#32: exit
2022/09/26 17:13:04 [notice] 33#33: exit
2022/09/26 17:13:04 [notice] 31#31: gracefully shutting down
2022/09/26 17:13:04 [notice] 31#31: exiting
2022/09/26 17:13:04 [notice] 31#31: exit
2022/09/26 17:13:04 [notice] 34#34: gracefully shutting down
2022/09/26 17:13:04 [notice] 34#34: exiting
2022/09/26 17:13:04 [notice] 34#34: exit
2022/09/26 17:13:05 [notice] 1#1: signal 17 (SIGCHLD) received from 34
2022/09/26 17:13:05 [notice] 1#1: worker process 33 exited with code 0
2022/09/26 17:13:05 [notice] 1#1: worker process 34 exited with code 0
2022/09/26 17:13:05 [notice] 1#1: signal 29 (SIGIO) received
2022/09/26 17:13:05 [notice] 1#1: signal 17 (SIGCHLD) received from 32
2022/09/26 17:13:05 [notice] 1#1: worker process 31 exited with code 0
2022/09/26 17:13:05 [notice] 1#1: worker process 32 exited with code 0
2022/09/26 17:13:05 [notice] 1#1: exit
2022/09/30 12:21:47 [notice] 1#1: using the "epoll" event method
2022/09/30 12:21:47 [notice] 1#1: nginx/1.21.0
2022/09/30 12:21:47 [notice] 1#1: built by gcc 10.2.1 20201203 (Alpine 10.2.1_pre1) 
2022/09/30 12:21:47 [notice] 1#1: OS: Linux 5.10.16.3-microsoft-standard-WSL2
2022/09/30 12:21:47 [notice] 1#1: getrlimit(RLIMIT_NOFILE): 1048576:1048576
2022/09/30 12:21:47 [notice] 1#1: start worker processes
2022/09/30 12:21:47 [notice] 1#1: start worker process 31
2022/09/30 12:21:47 [notice] 1#1: start worker process 32
2022/09/30 12:21:47 [notice] 1#1: start worker process 33
2022/09/30 12:21:47 [notice] 1#1: start worker process 34
2022/10/02 16:04:27 [notice] 1#1: using the "epoll" event method
2022/10/02 16:04:27 [notice] 1#1: nginx/1.21.0
2022/10/02 16:04:27 [notice] 1#1: built by gcc 10.2.1 20201203 (Alpine 10.2.1_pre1) 
2022/10/02 16:04:27 [notice] 1#1: OS: Linux 5.10.16.3-microsoft-standard-WSL2
2022/10/02 16:04:27 [notice] 1#1: getrlimit(RLIMIT_NOFILE): 1048576:1048576
2022/10/02 16:04:27 [notice] 1#1: start worker processes
2022/10/02 16:04:27 [notice] 1#1: start worker process 31
2022/10/02 16:04:27 [notice] 1#1: start worker process 32
2022/10/02 16:04:27 [notice] 1#1: start worker process 33
2022/10/02 16:04:27 [notice] 1#1: start worker process 34
2022/10/02 16:52:37 [notice] 1#1: signal 3 (SIGQUIT) received, shutting down
2022/10/02 16:52:37 [notice] 33#33: gracefully shutting down
2022/10/02 16:52:37 [notice] 32#32: gracefully shutting down
2022/10/02 16:52:37 [notice] 31#31: gracefully shutting down
2022/10/02 16:52:37 [notice] 33#33: exiting
2022/10/02 16:52:37 [notice] 32#32: exiting
2022/10/02 16:52:37 [notice] 31#31: exiting
2022/10/02 16:52:37 [notice] 33#33: exit
2022/10/02 16:52:37 [notice] 32#32: exit
2022/10/02 16:52:37 [notice] 31#31: exit
2022/10/02 16:52:37 [notice] 34#34: gracefully shutting down
2022/10/02 16:52:37 [notice] 34#34: exiting
2022/10/02 16:52:37 [notice] 34#34: exit
2022/10/02 16:52:37 [notice] 1#1: signal 17 (SIGCHLD) received from 33
2022/10/02 16:52:37 [notice] 1#1: worker process 33 exited with code 0
2022/10/02 16:52:37 [notice] 1#1: signal 29 (SIGIO) received
2022/10/02 16:52:37 [notice] 1#1: signal 17 (SIGCHLD) received from 32
2022/10/02 16:52:37 [notice] 1#1: worker process 32 exited with code 0
2022/10/02 16:52:37 [notice] 1#1: signal 29 (SIGIO) received
2022/10/02 16:52:37 [notice] 1#1: signal 17 (SIGCHLD) received from 31
2022/10/02 16:52:37 [notice] 1#1: worker process 31 exited with code 0
2022/10/02 16:52:37 [notice] 1#1: signal 29 (SIGIO) received
2022/10/02 16:52:37 [notice] 1#1: signal 17 (SIGCHLD) received from 34
2022/10/02 16:52:37 [notice] 1#1: worker process 34 exited with code 0
2022/10/02 16:52:37 [notice] 1#1: exit
2022/10/14 15:36:46 [notice] 1#1: using the "epoll" event method
2022/10/14 15:36:46 [notice] 1#1: nginx/1.21.0
2022/10/14 15:36:46 [notice] 1#1: built by gcc 10.2.1 20201203 (Alpine 10.2.1_pre1) 
2022/10/14 15:36:46 [notice] 1#1: OS: Linux 5.10.16.3-microsoft-standard-WSL2
2022/10/14 15:36:46 [notice] 1#1: getrlimit(RLIMIT_NOFILE): 1048576:1048576
2022/10/14 15:36:46 [notice] 1#1: start worker processes
2022/10/14 15:36:46 [notice] 1#1: start worker process 31
2022/10/14 15:36:46 [notice] 1#1: start worker process 32
2022/10/14 15:36:46 [notice] 1#1: start worker process 33
2022/10/14 15:36:46 [notice] 1#1: start worker process 34
2022/10/18 13:11:17 [notice] 1#1: using the "epoll" event method
2022/10/18 13:11:17 [notice] 1#1: nginx/1.21.0
2022/10/18 13:11:17 [notice] 1#1: built by gcc 10.2.1 20201203 (Alpine 10.2.1_pre1) 
2022/10/18 13:11:17 [notice] 1#1: OS: Linux 5.10.16.3-microsoft-standard-WSL2
2022/10/18 13:11:17 [notice] 1#1: getrlimit(RLIMIT_NOFILE): 1048576:1048576
2022/10/18 13:11:17 [notice] 1#1: start worker processes
2022/10/18 13:11:17 [notice] 1#1: start worker process 31
2022/10/18 13:11:17 [notice] 1#1: start worker process 32
2022/10/18 13:11:17 [notice] 1#1: start worker process 33
2022/10/18 13:11:17 [notice] 1#1: start worker process 34
2022/10/18 13:16:19 [notice] 31#31: signal 15 (SIGTERM) received, exiting
2022/10/18 13:16:19 [notice] 31#31: exiting
2022/10/18 13:16:19 [notice] 31#31: exit
2022/10/18 13:16:19 [notice] 33#33: signal 15 (SIGTERM) received, exiting
2022/10/18 13:16:19 [notice] 33#33: exiting
2022/10/18 13:16:19 [notice] 33#33: exit
2022/10/18 13:16:19 [notice] 1#1: signal 15 (SIGTERM) received, exiting
2022/10/18 13:16:19 [notice] 34#34: signal 15 (SIGTERM) received, exiting
2022/10/18 13:16:19 [notice] 34#34: exiting
2022/10/18 13:16:19 [notice] 34#34: exit
2022/10/18 13:16:19 [notice] 32#32: signal 15 (SIGTERM) received, exiting
2022/10/18 13:16:19 [notice] 32#32: exiting
2022/10/18 13:16:19 [notice] 32#32: exit
2022/10/18 13:16:19 [notice] 1#1: signal 14 (SIGALRM) received
2022/10/18 13:16:19 [notice] 1#1: signal 17 (SIGCHLD) received from 34
2022/10/18 13:16:19 [notice] 1#1: worker process 34 exited with code 0
2022/10/18 13:16:19 [notice] 1#1: signal 29 (SIGIO) received
2022/10/18 13:16:19 [notice] 1#1: signal 17 (SIGCHLD) received from 32
2022/10/18 13:16:19 [notice] 1#1: worker process 32 exited with code 0
2022/10/18 13:16:19 [notice] 1#1: worker process 33 exited with code 0
2022/10/18 13:16:19 [notice] 1#1: worker process 31 exited with code 0
2022/10/18 13:16:19 [notice] 1#1: exit
2022/10/18 13:17:18 [notice] 1#1: using the "epoll" event method
2022/10/18 13:17:18 [notice] 1#1: nginx/1.21.0
2022/10/18 13:17:18 [notice] 1#1: built by gcc 10.2.1 20201203 (Alpine 10.2.1_pre1) 
2022/10/18 13:17:18 [notice] 1#1: OS: Linux 5.10.16.3-microsoft-standard-WSL2
2022/10/18 13:17:18 [notice] 1#1: getrlimit(RLIMIT_NOFILE): 1048576:1048576
2022/10/18 13:17:18 [notice] 1#1: start worker processes
2022/10/18 13:17:18 [notice] 1#1: start worker process 31
2022/10/18 13:17:18 [notice] 1#1: start worker process 32
2022/10/18 13:17:18 [notice] 1#1: start worker process 33
2022/10/18 13:17:18 [notice] 1#1: start worker process 34
2022/10/18 16:48:26 [notice] 1#1: using the "epoll" event method
2022/10/18 16:48:26 [notice] 1#1: nginx/1.21.0
2022/10/18 16:48:26 [notice] 1#1: built by gcc 10.2.1 20201203 (Alpine 10.2.1_pre1) 
2022/10/18 16:48:26 [notice] 1#1: OS: Linux 5.10.16.3-microsoft-standard-WSL2
2022/10/18 16:48:26 [notice] 1#1: getrlimit(RLIMIT_NOFILE): 1048576:1048576
2022/10/18 16:48:26 [notice] 1#1: start worker processes
2022/10/18 16:48:26 [notice] 1#1: start worker process 31
2022/10/18 16:48:26 [notice] 1#1: start worker process 32
2022/10/18 16:48:26 [notice] 1#1: start worker process 33
2022/10/18 16:48:26 [notice] 1#1: start worker process 34
2022/10/18 18:20:38 [notice] 1#1: signal 3 (SIGQUIT) received, shutting down
2022/10/18 18:20:38 [notice] 31#31: gracefully shutting down
2022/10/18 18:20:38 [notice] 31#31: exiting
2022/10/18 18:20:38 [notice] 31#31: exit
2022/10/18 18:20:38 [notice] 32#32: gracefully shutting down
2022/10/18 18:20:38 [notice] 32#32: exiting
2022/10/18 18:20:38 [notice] 32#32: exit
2022/10/18 18:20:38 [notice] 33#33: gracefully shutting down
2022/10/18 18:20:38 [notice] 33#33: exiting
2022/10/18 18:20:38 [notice] 33#33: exit
2022/10/18 18:20:38 [notice] 34#34: gracefully shutting down
2022/10/18 18:20:38 [notice] 34#34: exiting
2022/10/18 18:20:38 [notice] 34#34: exit
2022/10/18 18:20:39 [notice] 1#1: signal 17 (SIGCHLD) received from 34
2022/10/18 18:20:39 [notice] 1#1: worker process 32 exited with code 0
2022/10/18 18:20:39 [notice] 1#1: worker process 33 exited with code 0
2022/10/18 18:20:39 [notice] 1#1: worker process 34 exited with code 0
2022/10/18 18:20:39 [notice] 1#1: worker process 31 exited with code 0
2022/10/18 18:20:39 [notice] 1#1: exit
2022/10/19 18:35:53 [notice] 1#1: using the "epoll" event method
2022/10/19 18:35:53 [notice] 1#1: nginx/1.21.0
2022/10/19 18:35:53 [notice] 1#1: built by gcc 10.2.1 20201203 (Alpine 10.2.1_pre1) 
2022/10/19 18:35:53 [notice] 1#1: OS: Linux 5.10.16.3-microsoft-standard-WSL2
2022/10/19 18:35:53 [notice] 1#1: getrlimit(RLIMIT_NOFILE): 1048576:1048576
2022/10/19 18:35:53 [notice] 1#1: start worker processes
2022/10/19 18:35:53 [notice] 1#1: start worker process 31
2022/10/19 18:35:53 [notice] 1#1: start worker process 32
2022/10/19 18:35:53 [notice] 1#1: start worker process 33
2022/10/19 18:35:53 [notice] 1#1: start worker process 34
2022/10/21 15:06:57 [notice] 1#1: using the "epoll" event method
2022/10/21 15:06:57 [notice] 1#1: nginx/1.21.0
2022/10/21 15:06:57 [notice] 1#1: built by gcc 10.2.1 20201203 (Alpine 10.2.1_pre1) 
2022/10/21 15:06:57 [notice] 1#1: OS: Linux 5.10.16.3-microsoft-standard-WSL2
2022/10/21 15:06:57 [notice] 1#1: getrlimit(RLIMIT_NOFILE): 1048576:1048576
2022/10/21 15:06:57 [notice] 1#1: start worker processes
2022/10/21 15:06:57 [notice] 1#1: start worker process 31
2022/10/21 15:06:57 [notice] 1#1: start worker process 32
2022/10/21 15:06:57 [notice] 1#1: start worker process 33
2022/10/21 15:06:57 [notice] 1#1: start worker process 34
2022/10/21 15:41:14 [notice] 1#1: signal 3 (SIGQUIT) received, shutting down
2022/10/21 15:41:14 [notice] 31#31: gracefully shutting down
2022/10/21 15:41:14 [notice] 33#33: gracefully shutting down
2022/10/21 15:41:14 [notice] 31#31: exiting
2022/10/21 15:41:14 [notice] 32#32: gracefully shutting down
2022/10/21 15:41:14 [notice] 33#33: exiting
2022/10/21 15:41:14 [notice] 32#32: exiting
2022/10/21 15:41:14 [notice] 31#31: exit
2022/10/21 15:41:14 [notice] 33#33: exit
2022/10/21 15:41:14 [notice] 32#32: exit
2022/10/21 15:41:14 [notice] 34#34: gracefully shutting down
2022/10/21 15:41:14 [notice] 34#34: exiting
2022/10/21 15:41:14 [notice] 34#34: exit
2022/10/21 15:41:14 [notice] 1#1: signal 17 (SIGCHLD) received from 32
2022/10/21 15:41:14 [notice] 1#1: worker process 32 exited with code 0
2022/10/21 15:41:14 [notice] 1#1: signal 29 (SIGIO) received
2022/10/21 15:41:14 [notice] 1#1: signal 17 (SIGCHLD) received from 34
2022/10/21 15:41:14 [notice] 1#1: worker process 34 exited with code 0
2022/10/21 15:41:14 [notice] 1#1: signal 29 (SIGIO) received
2022/10/21 15:41:14 [notice] 1#1: signal 17 (SIGCHLD) received from 33
2022/10/21 15:41:14 [notice] 1#1: worker process 33 exited with code 0
2022/10/21 15:41:14 [notice] 1#1: signal 29 (SIGIO) received
2022/10/21 15:41:14 [notice] 1#1: signal 17 (SIGCHLD) received from 31
2022/10/21 15:41:14 [notice] 1#1: worker process 31 exited with code 0
2022/10/21 15:41:14 [notice] 1#1: exit
2023/01/19 11:31:41 [notice] 1#1: using the "epoll" event method
2023/01/19 11:31:41 [notice] 1#1: nginx/1.21.0
2023/01/19 11:31:41 [notice] 1#1: built by gcc 10.2.1 20201203 (Alpine 10.2.1_pre1) 
2023/01/19 11:31:41 [notice] 1#1: OS: Linux 5.10.16.3-microsoft-standard-WSL2
2023/01/19 11:31:41 [notice] 1#1: getrlimit(RLIMIT_NOFILE): 1048576:1048576
2023/01/19 11:31:41 [notice] 1#1: start worker processes
2023/01/19 11:31:41 [notice] 1#1: start worker process 31
2023/01/19 11:31:41 [notice] 1#1: start worker process 32
2023/01/19 11:31:41 [notice] 1#1: start worker process 33
2023/01/19 11:31:41 [notice] 1#1: start worker process 34
2023/01/23 17:06:05 [notice] 1#1: using the "epoll" event method
2023/01/23 17:06:05 [notice] 1#1: nginx/1.21.0
2023/01/23 17:06:05 [notice] 1#1: built by gcc 10.2.1 20201203 (Alpine 10.2.1_pre1) 
2023/01/23 17:06:05 [notice] 1#1: OS: Linux 5.10.16.3-microsoft-standard-WSL2
2023/01/23 17:06:05 [notice] 1#1: getrlimit(RLIMIT_NOFILE): 1048576:1048576
2023/01/23 17:06:05 [notice] 1#1: start worker processes
2023/01/23 17:06:05 [notice] 1#1: start worker process 31
2023/01/23 17:06:05 [notice] 1#1: start worker process 32
2023/01/23 17:06:05 [notice] 1#1: start worker process 33
2023/01/23 17:06:05 [notice] 1#1: start worker process 34
